This is XeTeX, Version 3.14159265-2.6-0.99999 (MiKTeX 2.9.6930 64-bit) (preloaded format=xelatex 2019.3.26)  2 MAY 2019 20:21
entering extended mode
**./Manual_de_R.tex
(Manual_de_R.tex
LaTeX2e <2018-12-01>
(krantz.cls
Document Class: krantz 2005/09/16 v1.4f Standard LaTeX document class
("C:\Users\fhbapto\AppData\Local\Programs\MiKTeX 2.9\tex/latex/base\bk10.clo"
File: bk10.clo 2018/09/03 v1.4i Standard LaTeX file (size option)
)
\trimheight=\dimen102
\trimwidth=\dimen103
\normaltextheight=\dimen104
\tempa=\dimen105
\tempdimen=\dimen106
\htrim=\dimen107
\vtrimtop=\dimen108
\vtrimbot=\dimen109
\ul@box=\box27
\ur@box=\box28
\ll@box=\box29
\lr@box=\box30
\@cipboxa=\box31
\@cipboxb=\box32
\@ciprulewidth=\dimen110
\c@part=\count80
\c@chapter=\count81
\c@section=\count82
\c@subsection=\count83
\c@subsubsection=\count84
\c@paragraph=\count85
\c@subparagraph=\count86
\secwd=\dimen111
\subsecwd=\dimen112
\subsubsecwd=\dimen113
\c@figure=\count87
\c@table=\count88
\abovecaptionskip=\skip41
\belowcaptionskip=\skip42
\c@numauthors=\count89
\section@toc@skip=\skip43
\SectionTOCWidth=\skip44
\subsection@toc@skip=\skip45
\SubSectionTOCWidth=\skip46
\subsubsection@toc@skip=\skip47
\SubSubSectionTOCWidth=\skip48
\paragraph@toc@skip=\skip49
\ParagraphTOCWidth=\skip50
\subparagraph@toc@skip=\skip51
\@AUonebox=\box33
\@AUtwobox=\box34
\@AUthreebox=\box35
\@AUfourbox=\box36
\@AUaffonebox=\box37
\@AUafftwobox=\box38
\@AUaffthreebox=\box39
\@AUafffourbox=\box40
\@finalAUboxfromone=\box41
\@finalAUboxfromtwo=\box42
\@finalAUboxfromthree=\box43
\@finalAUboxfromfour=\box44
\c@chaptocdepth=\count90
\bibindent=\dimen114
\tempbox=\box45
\nomenwidth=\dimen115
\@tablebox=\box46
\@tabletitlebox=\box47
\@tablewidth=\dimen116
\@tabletitlewidth=\dimen117
\max@tablewidth=\dimen118
\tempbox=\box48
\tempdimen=\dimen119
\tempbox=\box49
\notewidth=\dimen120
\wherebox=\box50
\wherewidth=\dimen121
\listtextleftmargin=\skip52
\listtextleftmarginii=\skip53
\listtextleftmarginiii=\skip54
\listtextrightmargin=\skip55
\listlabelleftskip=\skip56
\listlabelleftskipii=\skip57
\listlabelleftskipiii=\skip58
\abovelistskipi=\skip59
\belowlistskipi=\skip60
\abovelistskipii=\skip61
\belowlistskipii=\skip62
\abovelistskipiii=\skip63
\belowlistskipiii=\skip64
\labelsepi=\skip65
\labelsepii=\skip66
\labelsepiii=\skip67
\itemsepi=\skip68
\itemsepii=\skip69
\itemsepiii=\skip70
\enumdimwd=\dimen122
\enumdim=\dimen123
\concolwidth=\dimen124
\stempbox=\box51
) ("C:\Users\fhbapto\AppData\Local\Programs\MiKTeX 2.9\tex/latex/lm\lmodern.sty
"
Package: lmodern 2009/10/30 v1.6 Latin Modern Fonts
LaTeX Font Info:    Overwriting symbol font `operators' in version `normal'
(Font)                  OT1/cmr/m/n --> OT1/lmr/m/n on input line 22.
LaTeX Font Info:    Overwriting symbol font `letters' in version `normal'
(Font)                  OML/cmm/m/it --> OML/lmm/m/it on input line 23.
LaTeX Font Info:    Overwriting symbol font `symbols' in version `normal'
(Font)                  OMS/cmsy/m/n --> OMS/lmsy/m/n on input line 24.
LaTeX Font Info:    Overwriting symbol font `largesymbols' in version `normal'
(Font)                  OMX/cmex/m/n --> OMX/lmex/m/n on input line 25.
LaTeX Font Info:    Overwriting symbol font `operators' in version `bold'
(Font)                  OT1/cmr/bx/n --> OT1/lmr/bx/n on input line 26.
LaTeX Font Info:    Overwriting symbol font `letters' in version `bold'
(Font)                  OML/cmm/b/it --> OML/lmm/b/it on input line 27.
LaTeX Font Info:    Overwriting symbol font `symbols' in version `bold'
(Font)                  OMS/cmsy/b/n --> OMS/lmsy/b/n on input line 28.
LaTeX Font Info:    Overwriting symbol font `largesymbols' in version `bold'
(Font)                  OMX/cmex/m/n --> OMX/lmex/m/n on input line 29.
LaTeX Font Info:    Overwriting math alphabet `\mathbf' in version `normal'
(Font)                  OT1/cmr/bx/n --> OT1/lmr/bx/n on input line 31.
LaTeX Font Info:    Overwriting math alphabet `\mathsf' in version `normal'
(Font)                  OT1/cmss/m/n --> OT1/lmss/m/n on input line 32.
LaTeX Font Info:    Overwriting math alphabet `\mathit' in version `normal'
(Font)                  OT1/cmr/m/it --> OT1/lmr/m/it on input line 33.
LaTeX Font Info:    Overwriting math alphabet `\mathtt' in version `normal'
(Font)                  OT1/cmtt/m/n --> OT1/lmtt/m/n on input line 34.
LaTeX Font Info:    Overwriting math alphabet `\mathbf' in version `bold'
(Font)                  OT1/cmr/bx/n --> OT1/lmr/bx/n on input line 35.
LaTeX Font Info:    Overwriting math alphabet `\mathsf' in version `bold'
(Font)                  OT1/cmss/bx/n --> OT1/lmss/bx/n on input line 36.
LaTeX Font Info:    Overwriting math alphabet `\mathit' in version `bold'
(Font)                  OT1/cmr/bx/it --> OT1/lmr/bx/it on input line 37.
LaTeX Font Info:    Overwriting math alphabet `\mathtt' in version `bold'
(Font)                  OT1/cmtt/m/n --> OT1/lmtt/m/n on input line 38.
)
("C:\Users\fhbapto\AppData\Local\Programs\MiKTeX 2.9\tex/latex/amsfonts\amssymb
.sty"
Package: amssymb 2013/01/14 v3.01 AMS font symbols

("C:\Users\fhbapto\AppData\Local\Programs\MiKTeX 2.9\tex/latex/amsfonts\amsfont
s.sty"
Package: amsfonts 2013/01/14 v3.01 Basic AMSFonts support
\@emptytoks=\toks14
\symAMSa=\mathgroup4
\symAMSb=\mathgroup5
LaTeX Font Info:    Overwriting math alphabet `\mathfrak' in version `bold'
(Font)                  U/euf/m/n --> U/euf/b/n on input line 106.
))
("C:\Users\fhbapto\AppData\Local\Programs\MiKTeX 2.9\tex/latex/amsmath\amsmath.
sty"
Package: amsmath 2018/12/01 v2.17b AMS math features
\@mathmargin=\skip71
For additional information on amsmath, use the `?' option.

("C:\Users\fhbapto\AppData\Local\Programs\MiKTeX 2.9\tex/latex/amsmath\amstext.
sty"
Package: amstext 2000/06/29 v2.01 AMS text

("C:\Users\fhbapto\AppData\Local\Programs\MiKTeX 2.9\tex/latex/amsmath\amsgen.s
ty"
File: amsgen.sty 1999/11/30 v2.0 generic functions
\@emptytoks=\toks15
\ex@=\dimen125
))
("C:\Users\fhbapto\AppData\Local\Programs\MiKTeX 2.9\tex/latex/amsmath\amsbsy.s
ty"
Package: amsbsy 1999/11/29 v1.2d Bold Symbols
\pmbraise@=\dimen126
)
("C:\Users\fhbapto\AppData\Local\Programs\MiKTeX 2.9\tex/latex/amsmath\amsopn.s
ty"
Package: amsopn 2016/03/08 v2.02 operator names
)
\inf@bad=\count91
LaTeX Info: Redefining \frac on input line 223.
\uproot@=\count92
\leftroot@=\count93
LaTeX Info: Redefining \overline on input line 385.
\classnum@=\count94
\DOTSCASE@=\count95
LaTeX Info: Redefining \ldots on input line 482.
LaTeX Info: Redefining \dots on input line 485.
LaTeX Info: Redefining \cdots on input line 606.
\Mathstrutbox@=\box52
\strutbox@=\box53
\big@size=\dimen127
LaTeX Font Info:    Redeclaring font encoding OML on input line 729.
LaTeX Font Info:    Redeclaring font encoding OMS on input line 730.
\macc@depth=\count96
\c@MaxMatrixCols=\count97
\dotsspace@=\muskip10
\c@parentequation=\count98
\dspbrk@lvl=\count99
\tag@help=\toks16
\row@=\count100
\column@=\count101
\maxfields@=\count102
\andhelp@=\toks17
\eqnshift@=\dimen128
\alignsep@=\dimen129
\tagshift@=\dimen130
\tagwidth@=\dimen131
\totwidth@=\dimen132
\lineht@=\dimen133
\@envbody=\toks18
\multlinegap=\skip72
\multlinetaggap=\skip73
\mathdisplay@stack=\toks19
LaTeX Info: Redefining \[ on input line 2844.
LaTeX Info: Redefining \] on input line 2845.
)
("C:\Users\fhbapto\AppData\Local\Programs\MiKTeX 2.9\tex/generic/ifxetex\ifxete
x.sty"
Package: ifxetex 2010/09/12 v0.6 Provides ifxetex conditional
)
("C:\Users\fhbapto\AppData\Local\Programs\MiKTeX 2.9\tex/generic/oberdiek\iflua
tex.sty"
Package: ifluatex 2016/05/16 v1.4 Provides the ifluatex switch (HO)
Package ifluatex Info: LuaTeX not detected.
)
("C:\Users\fhbapto\AppData\Local\Programs\MiKTeX 2.9\tex/latex/base\fixltx2e.st
y"
Package: fixltx2e 2016/12/29 v2.1a fixes to LaTeX (obsolete)
Applying: [2015/01/01] Old fixltx2e package on input line 46.

Package fixltx2e Warning: fixltx2e is not required with releases after 2015
(fixltx2e)                All fixes are now in the LaTeX kernel.
(fixltx2e)                See the latexrelease package for details.

Already applied: [0000/00/00] Old fixltx2e package on input line 53.
)
("C:\Users\fhbapto\AppData\Local\Programs\MiKTeX 2.9\tex/xelatex/mathspec\maths
pec.sty"
Package: mathspec 2016/12/22 v0.2b LaTeX Package (Mathematics font selection fo
r XeLaTeX)

("C:\Users\fhbapto\AppData\Local\Programs\MiKTeX 2.9\tex/latex/etoolbox\etoolbo
x.sty"
Package: etoolbox 2018/08/19 v2.5f e-TeX tools for LaTeX (JAW)
\etb@tempcnta=\count103
)
("C:\Users\fhbapto\AppData\Local\Programs\MiKTeX 2.9\tex/latex/fontspec\fontspe
c.sty"
("C:\Users\fhbapto\AppData\Local\Programs\MiKTeX 2.9\tex/latex/l3packages/xpars
e\xparse.sty"
("C:\Users\fhbapto\AppData\Local\Programs\MiKTeX 2.9\tex/latex/l3kernel\expl3.s
ty"
Package: expl3 2019-03-05 L3 programming layer (loader) 

("C:\Users\fhbapto\AppData\Local\Programs\MiKTeX 2.9\tex/latex/l3kernel\expl3-c
ode.tex"
Package: expl3 2019-03-05 L3 programming layer (code)
\c_max_int=\count104
\l_tmpa_int=\count105
\l_tmpb_int=\count106
\g_tmpa_int=\count107
\g_tmpb_int=\count108
\g__kernel_prg_map_int=\count109
\c_log_iow=\count110
\l_iow_line_count_int=\count111
\l__iow_line_target_int=\count112
\l__iow_one_indent_int=\count113
\l__iow_indent_int=\count114
\c_zero_dim=\dimen134
\c_max_dim=\dimen135
\l_tmpa_dim=\dimen136
\l_tmpb_dim=\dimen137
\g_tmpa_dim=\dimen138
\g_tmpb_dim=\dimen139
\c_zero_skip=\skip74
\c_max_skip=\skip75
\l_tmpa_skip=\skip76
\l_tmpb_skip=\skip77
\g_tmpa_skip=\skip78
\g_tmpb_skip=\skip79
\c_zero_muskip=\muskip11
\c_max_muskip=\muskip12
\l_tmpa_muskip=\muskip13
\l_tmpb_muskip=\muskip14
\g_tmpa_muskip=\muskip15
\g_tmpb_muskip=\muskip16
\l_keys_choice_int=\count115
\l__intarray_loop_int=\count116
\c__intarray_sp_dim=\dimen140
\g__intarray_font_int=\count117
\c__fp_leading_shift_int=\count118
\c__fp_middle_shift_int=\count119
\c__fp_trailing_shift_int=\count120
\c__fp_big_leading_shift_int=\count121
\c__fp_big_middle_shift_int=\count122
\c__fp_big_trailing_shift_int=\count123
\c__fp_Bigg_leading_shift_int=\count124
\c__fp_Bigg_middle_shift_int=\count125
\c__fp_Bigg_trailing_shift_int=\count126
\g__fp_array_int=\count127
\l__fp_array_loop_int=\count128
\l__sort_length_int=\count129
\l__sort_min_int=\count130
\l__sort_top_int=\count131
\l__sort_max_int=\count132
\l__sort_true_max_int=\count133
\l__sort_block_int=\count134
\l__sort_begin_int=\count135
\l__sort_end_int=\count136
\l__sort_A_int=\count137
\l__sort_B_int=\count138
\l__sort_C_int=\count139
\l__tl_analysis_normal_int=\count140
\l__tl_analysis_index_int=\count141
\l__tl_analysis_nesting_int=\count142
\l__tl_analysis_type_int=\count143
\l__regex_internal_a_int=\count144
\l__regex_internal_b_int=\count145
\l__regex_internal_c_int=\count146
\l__regex_balance_int=\count147
\l__regex_group_level_int=\count148
\l__regex_mode_int=\count149
\c__regex_cs_in_class_mode_int=\count150
\c__regex_cs_mode_int=\count151
\l__regex_catcodes_int=\count152
\l__regex_default_catcodes_int=\count153
\c__regex_catcode_L_int=\count154
\c__regex_catcode_O_int=\count155
\c__regex_catcode_A_int=\count156
\c__regex_all_catcodes_int=\count157
\l__regex_show_lines_int=\count158
\l__regex_min_state_int=\count159
\l__regex_max_state_int=\count160
\l__regex_left_state_int=\count161
\l__regex_right_state_int=\count162
\l__regex_capturing_group_int=\count163
\l__regex_min_pos_int=\count164
\l__regex_max_pos_int=\count165
\l__regex_curr_pos_int=\count166
\l__regex_start_pos_int=\count167
\l__regex_success_pos_int=\count168
\l__regex_curr_char_int=\count169
\l__regex_curr_catcode_int=\count170
\l__regex_last_char_int=\count171
\l__regex_case_changed_char_int=\count172
\l__regex_curr_state_int=\count173
\l__regex_step_int=\count174
\l__regex_min_active_int=\count175
\l__regex_max_active_int=\count176
\l__regex_replacement_csnames_int=\count177
\l__regex_match_count_int=\count178
\l__regex_min_submatch_int=\count179
\l__regex_submatch_int=\count180
\l__regex_zeroth_submatch_int=\count181
\g__regex_trace_regex_int=\count182
\c_empty_box=\box54
\l_tmpa_box=\box55
\l_tmpb_box=\box56
\g_tmpa_box=\box57
\g_tmpb_box=\box58
\l__box_top_dim=\dimen141
\l__box_bottom_dim=\dimen142
\l__box_left_dim=\dimen143
\l__box_right_dim=\dimen144
\l__box_top_new_dim=\dimen145
\l__box_bottom_new_dim=\dimen146
\l__box_left_new_dim=\dimen147
\l__box_right_new_dim=\dimen148
\l__box_internal_box=\box59
\l__coffin_internal_box=\box60
\l__coffin_internal_dim=\dimen149
\l__coffin_offset_x_dim=\dimen150
\l__coffin_offset_y_dim=\dimen151
\l__coffin_x_dim=\dimen152
\l__coffin_y_dim=\dimen153
\l__coffin_x_prime_dim=\dimen154
\l__coffin_y_prime_dim=\dimen155
\c_empty_coffin=\box61
\l__coffin_aligned_coffin=\box62
\l__coffin_aligned_internal_coffin=\box63
\l_tmpa_coffin=\box64
\l_tmpb_coffin=\box65
\g_tmpa_coffin=\box66
\g_tmpb_coffin=\box67
\l__coffin_bounding_shift_dim=\dimen156
\l__coffin_left_corner_dim=\dimen157
\l__coffin_right_corner_dim=\dimen158
\l__coffin_bottom_corner_dim=\dimen159
\l__coffin_top_corner_dim=\dimen160
\l__coffin_scaled_total_height_dim=\dimen161
\l__coffin_scaled_width_dim=\dimen162
\c__coffin_empty_coffin=\box68
\l__coffin_display_coffin=\box69
\l__coffin_display_coord_coffin=\box70
\l__coffin_display_pole_coffin=\box71
\l__coffin_display_offset_dim=\dimen163
\l__coffin_display_x_dim=\dimen164
\l__coffin_display_y_dim=\dimen165
\g__file_internal_ior=\read1
\l__seq_internal_a_int=\count183
\l__seq_internal_b_int=\count184
\c__deprecation_minus_one=\count185
)
("C:\Users\fhbapto\AppData\Local\Programs\MiKTeX 2.9\tex/latex/l3kernel\l3xdvip
dfmx.def"
File: l3xdvipdfmx.def 2019-03-05 v L3 Experimental driver: xdvipdfmx
\g__driver_image_int=\count186
\g__driver_pdf_object_int=\count187
))
Package: xparse 2019-03-05 L3 Experimental document command parser
\l__xparse_current_arg_int=\count188
\g__xparse_grabber_int=\count189
\l__xparse_m_args_int=\count190
\l__xparse_v_nesting_int=\count191
)
Package: fontspec 2018/07/30 vv2.6h Font selection for XeLaTeX and LuaLaTeX

("C:\Users\fhbapto\AppData\Local\Programs\MiKTeX 2.9\tex/latex/fontspec\fontspe
c-xetex.sty"
Package: fontspec-xetex 2018/07/30 vv2.6h Font selection for XeLaTeX and LuaLaT
eX
\l__fontspec_script_int=\count192
\l__fontspec_language_int=\count193
\l__fontspec_strnum_int=\count194
\l__fontspec_tmp_int=\count195
\l__fontspec_em_int=\count196
\l__fontspec_emdef_int=\count197
\l__fontspec_strong_int=\count198
\l__fontspec_strongdef_int=\count199
\l__fontspec_tmpa_dim=\dimen166
\l__fontspec_tmpb_dim=\dimen167
\l__fontspec_tmpc_dim=\dimen168
("C:\Users\fhbapto\AppData\Local\Programs\MiKTeX 2.9\tex/latex/base\fontenc.sty
"
Package: fontenc 2018/08/11 v2.0j Standard LaTeX package
("C:\Users\fhbapto\AppData\Local\Programs\MiKTeX 2.9\tex/latex/base\tuenc.def"
File: tuenc.def 2018/08/11 v2.0j Standard LaTeX file
LaTeX Font Info:    Redeclaring font encoding TU on input line 82.
))
("C:\Users\fhbapto\AppData\Local\Programs\MiKTeX 2.9\tex/latex/fontspec\fontspe
c.cfg")
LaTeX Info: Redefining \itshape on input line 3910.
LaTeX Info: Redefining \slshape on input line 3915.
LaTeX Info: Redefining \scshape on input line 3920.
LaTeX Info: Redefining \upshape on input line 3925.
LaTeX Info: Redefining \em on input line 3955.
LaTeX Info: Redefining \emph on input line 3980.
LaTeX Info: Redefining \- on input line 4034.
))
("C:\Users\fhbapto\AppData\Local\Programs\MiKTeX 2.9\tex/latex/xkeyval\xkeyval.
sty"
Package: xkeyval 2014/12/03 v2.7a package option processing (HA)

("C:\Users\fhbapto\AppData\Local\Programs\MiKTeX 2.9\tex/generic/xkeyval\xkeyva
l.tex"
("C:\Users\fhbapto\AppData\Local\Programs\MiKTeX 2.9\tex/generic/xkeyval\xkvuti
ls.tex"
\XKV@toks=\toks20
\XKV@tempa@toks=\toks21

("C:\Users\fhbapto\AppData\Local\Programs\MiKTeX 2.9\tex/generic/xkeyval\keyval
.tex"))
\XKV@depth=\count266
File: xkeyval.tex 2014/12/03 v2.7a key=value parser (HA)
))
\c@eu@=\count267
\c@eu@i=\count268
\c@mkern=\count269
)
("C:\Users\fhbapto\AppData\Local\Programs\MiKTeX 2.9\tex/latex/upquote\upquote.
sty"
Package: upquote 2012/04/19 v1.3 upright-quote and grave-accent glyphs in verba
tim

("C:\Users\fhbapto\AppData\Local\Programs\MiKTeX 2.9\tex/latex/base\textcomp.st
y"
Package: textcomp 2018/08/11 v2.0j Standard LaTeX package
Package textcomp Info: Sub-encoding information:
(textcomp)               5 = only ISO-Adobe without \textcurrency
(textcomp)               4 = 5 + \texteuro
(textcomp)               3 = 4 + \textohm
(textcomp)               2 = 3 + \textestimated + \textcurrency
(textcomp)               1 = TS1 - \textcircled - \t
(textcomp)               0 = TS1 (full)
(textcomp)             Font families with sub-encoding setting implement
(textcomp)             only a restricted character set as indicated.
(textcomp)             Family '?' is the default used for unknown fonts.
(textcomp)             See the documentation for details.
Package textcomp Info: Setting ? sub-encoding to TS1/1 on input line 79.
("C:\Users\fhbapto\AppData\Local\Programs\MiKTeX 2.9\tex/latex/base\ts1enc.def"
File: ts1enc.def 2001/06/05 v3.0e (jk/car/fm) Standard LaTeX file
)
LaTeX Info: Redefining \oldstylenums on input line 334.
Package textcomp Info: Setting cmr sub-encoding to TS1/0 on input line 349.
Package textcomp Info: Setting cmss sub-encoding to TS1/0 on input line 350.
Package textcomp Info: Setting cmtt sub-encoding to TS1/0 on input line 351.
Package textcomp Info: Setting cmvtt sub-encoding to TS1/0 on input line 352.
Package textcomp Info: Setting cmbr sub-encoding to TS1/0 on input line 353.
Package textcomp Info: Setting cmtl sub-encoding to TS1/0 on input line 354.
Package textcomp Info: Setting ccr sub-encoding to TS1/0 on input line 355.
Package textcomp Info: Setting ptm sub-encoding to TS1/4 on input line 356.
Package textcomp Info: Setting pcr sub-encoding to TS1/4 on input line 357.
Package textcomp Info: Setting phv sub-encoding to TS1/4 on input line 358.
Package textcomp Info: Setting ppl sub-encoding to TS1/3 on input line 359.
Package textcomp Info: Setting pag sub-encoding to TS1/4 on input line 360.
Package textcomp Info: Setting pbk sub-encoding to TS1/4 on input line 361.
Package textcomp Info: Setting pnc sub-encoding to TS1/4 on input line 362.
Package textcomp Info: Setting pzc sub-encoding to TS1/4 on input line 363.
Package textcomp Info: Setting bch sub-encoding to TS1/4 on input line 364.
Package textcomp Info: Setting put sub-encoding to TS1/5 on input line 365.
Package textcomp Info: Setting uag sub-encoding to TS1/5 on input line 366.
Package textcomp Info: Setting ugq sub-encoding to TS1/5 on input line 367.
Package textcomp Info: Setting ul8 sub-encoding to TS1/4 on input line 368.
Package textcomp Info: Setting ul9 sub-encoding to TS1/4 on input line 369.
Package textcomp Info: Setting augie sub-encoding to TS1/5 on input line 370.
Package textcomp Info: Setting dayrom sub-encoding to TS1/3 on input line 371.
Package textcomp Info: Setting dayroms sub-encoding to TS1/3 on input line 372.

Package textcomp Info: Setting pxr sub-encoding to TS1/0 on input line 373.
Package textcomp Info: Setting pxss sub-encoding to TS1/0 on input line 374.
Package textcomp Info: Setting pxtt sub-encoding to TS1/0 on input line 375.
Package textcomp Info: Setting txr sub-encoding to TS1/0 on input line 376.
Package textcomp Info: Setting txss sub-encoding to TS1/0 on input line 377.
Package textcomp Info: Setting txtt sub-encoding to TS1/0 on input line 378.
Package textcomp Info: Setting lmr sub-encoding to TS1/0 on input line 379.
Package textcomp Info: Setting lmdh sub-encoding to TS1/0 on input line 380.
Package textcomp Info: Setting lmss sub-encoding to TS1/0 on input line 381.
Package textcomp Info: Setting lmssq sub-encoding to TS1/0 on input line 382.
Package textcomp Info: Setting lmvtt sub-encoding to TS1/0 on input line 383.
Package textcomp Info: Setting lmtt sub-encoding to TS1/0 on input line 384.
Package textcomp Info: Setting qhv sub-encoding to TS1/0 on input line 385.
Package textcomp Info: Setting qag sub-encoding to TS1/0 on input line 386.
Package textcomp Info: Setting qbk sub-encoding to TS1/0 on input line 387.
Package textcomp Info: Setting qcr sub-encoding to TS1/0 on input line 388.
Package textcomp Info: Setting qcs sub-encoding to TS1/0 on input line 389.
Package textcomp Info: Setting qpl sub-encoding to TS1/0 on input line 390.
Package textcomp Info: Setting qtm sub-encoding to TS1/0 on input line 391.
Package textcomp Info: Setting qzc sub-encoding to TS1/0 on input line 392.
Package textcomp Info: Setting qhvc sub-encoding to TS1/0 on input line 393.
Package textcomp Info: Setting futs sub-encoding to TS1/4 on input line 394.
Package textcomp Info: Setting futx sub-encoding to TS1/4 on input line 395.
Package textcomp Info: Setting futj sub-encoding to TS1/4 on input line 396.
Package textcomp Info: Setting hlh sub-encoding to TS1/3 on input line 397.
Package textcomp Info: Setting hls sub-encoding to TS1/3 on input line 398.
Package textcomp Info: Setting hlst sub-encoding to TS1/3 on input line 399.
Package textcomp Info: Setting hlct sub-encoding to TS1/5 on input line 400.
Package textcomp Info: Setting hlx sub-encoding to TS1/5 on input line 401.
Package textcomp Info: Setting hlce sub-encoding to TS1/5 on input line 402.
Package textcomp Info: Setting hlcn sub-encoding to TS1/5 on input line 403.
Package textcomp Info: Setting hlcw sub-encoding to TS1/5 on input line 404.
Package textcomp Info: Setting hlcf sub-encoding to TS1/5 on input line 405.
Package textcomp Info: Setting pplx sub-encoding to TS1/3 on input line 406.
Package textcomp Info: Setting pplj sub-encoding to TS1/3 on input line 407.
Package textcomp Info: Setting ptmx sub-encoding to TS1/4 on input line 408.
Package textcomp Info: Setting ptmj sub-encoding to TS1/4 on input line 409.
))
("C:\Users\fhbapto\AppData\Local\Programs\MiKTeX 2.9\tex/latex/microtype\microt
ype.sty"
Package: microtype 2018/01/14 v2.7a Micro-typographical refinements (RS)
\MT@toks=\toks22
\MT@count=\count270
LaTeX Info: Redefining \textls on input line 793.
\MT@outer@kern=\dimen169
LaTeX Info: Redefining \textmicrotypecontext on input line 1339.
\MT@listname@count=\count271

("C:\Users\fhbapto\AppData\Local\Programs\MiKTeX 2.9\tex/latex/microtype\microt
ype-xetex.def"
File: microtype-xetex.def 2018/01/14 v2.7a Definitions specific to xetex (RS)
LaTeX Info: Redefining \lsstyle on input line 256.
)
Package microtype Info: Loading configuration file microtype.cfg.

("C:\Users\fhbapto\AppData\Local\Programs\MiKTeX 2.9\tex/latex/microtype\microt
ype.cfg"
File: microtype.cfg 2018/01/14 v2.7a microtype main configuration file (RS)
))
("C:\Users\fhbapto\AppData\Local\Programs\MiKTeX 2.9\tex/latex/geometry\geometr
y.sty"
Package: geometry 2018/04/16 v5.8 Page Geometry

("C:\Users\fhbapto\AppData\Local\Programs\MiKTeX 2.9\tex/generic/oberdiek\ifpdf
.sty"
Package: ifpdf 2018/09/07 v3.3 Provides the ifpdf switch
)
("C:\Users\fhbapto\AppData\Local\Programs\MiKTeX 2.9\tex/generic/oberdiek\ifvte
x.sty"
Package: ifvtex 2016/05/16 v1.6 Detect VTeX and its facilities (HO)
Package ifvtex Info: VTeX not detected.
)
\Gm@cnth=\count272
\Gm@cntv=\count273
\c@Gm@tempcnt=\count274
\Gm@bindingoffset=\dimen170
\Gm@wd@mp=\dimen171
\Gm@odd@mp=\dimen172
\Gm@even@mp=\dimen173
\Gm@layoutwidth=\dimen174
\Gm@layoutheight=\dimen175
\Gm@layouthoffset=\dimen176
\Gm@layoutvoffset=\dimen177
\Gm@dimlist=\toks23

("C:\Users\fhbapto\AppData\Local\Programs\MiKTeX 2.9\tex/xelatex/xetexconfig\ge
ometry.cfg"))
("C:\Users\fhbapto\AppData\Local\Programs\MiKTeX 2.9\tex/latex/hyperref\hyperre
f.sty"
Package: hyperref 2018/11/30 v6.88e Hypertext links for LaTeX

("C:\Users\fhbapto\AppData\Local\Programs\MiKTeX 2.9\tex/generic/oberdiek\hobsu
b-hyperref.sty"
Package: hobsub-hyperref 2016/05/16 v1.14 Bundle oberdiek, subset hyperref (HO)


("C:\Users\fhbapto\AppData\Local\Programs\MiKTeX 2.9\tex/generic/oberdiek\hobsu
b-generic.sty"
Package: hobsub-generic 2016/05/16 v1.14 Bundle oberdiek, subset generic (HO)
Package: hobsub 2016/05/16 v1.14 Construct package bundles (HO)
Package: infwarerr 2016/05/16 v1.4 Providing info/warning/error messages (HO)
Package: ltxcmds 2016/05/16 v1.23 LaTeX kernel commands for general use (HO)
Package hobsub Info: Skipping package `ifluatex' (already loaded).
Package hobsub Info: Skipping package `ifvtex' (already loaded).
Package: intcalc 2016/05/16 v1.2 Expandable calculations with integers (HO)
Package hobsub Info: Skipping package `ifpdf' (already loaded).
Package: etexcmds 2016/05/16 v1.6 Avoid name clashes with e-TeX commands (HO)
Package: kvsetkeys 2016/05/16 v1.17 Key value parser (HO)
Package: kvdefinekeys 2016/05/16 v1.4 Define keys (HO)
Package: pdftexcmds 2018/09/10 v0.29 Utility functions of pdfTeX for LuaTeX (HO
)
Package pdftexcmds Info: LuaTeX not detected.
Package pdftexcmds Info: pdfTeX >= 1.30 not detected.
Package pdftexcmds Info: \pdf@primitive is available.
Package pdftexcmds Info: \pdf@ifprimitive is available.
Package pdftexcmds Info: \pdfdraftmode not found.
Package: pdfescape 2016/05/16 v1.14 Implements pdfTeX's escape features (HO)
Package: bigintcalc 2016/05/16 v1.4 Expandable calculations on big integers (HO
)
Package: bitset 2016/05/16 v1.2 Handle bit-vector datatype (HO)
Package: uniquecounter 2016/05/16 v1.3 Provide unlimited unique counter (HO)
)
Package hobsub Info: Skipping package `hobsub' (already loaded).
Package: letltxmacro 2016/05/16 v1.5 Let assignment for LaTeX macros (HO)
Package: hopatch 2016/05/16 v1.3 Wrapper for package hooks (HO)
Package: xcolor-patch 2016/05/16 xcolor patch
Package: atveryend 2016/05/16 v1.9 Hooks at the very end of document (HO)
Package: atbegshi 2016/06/09 v1.18 At begin shipout hook (HO)
Package: refcount 2016/05/16 v3.5 Data extraction from label references (HO)
Package: hycolor 2016/05/16 v1.8 Color options for hyperref/bookmark (HO)
)
("C:\Users\fhbapto\AppData\Local\Programs\MiKTeX 2.9\tex/latex/oberdiek\auxhook
.sty"
Package: auxhook 2016/05/16 v1.4 Hooks for auxiliary files (HO)
)
("C:\Users\fhbapto\AppData\Local\Programs\MiKTeX 2.9\tex/latex/oberdiek\kvoptio
ns.sty"
Package: kvoptions 2016/05/16 v3.12 Key value format for package options (HO)
)
\@linkdim=\dimen178
\Hy@linkcounter=\count275
\Hy@pagecounter=\count276

("C:\Users\fhbapto\AppData\Local\Programs\MiKTeX 2.9\tex/latex/hyperref\pd1enc.
def"
File: pd1enc.def 2018/11/30 v6.88e Hyperref: PDFDocEncoding definition (HO)
)
\Hy@SavedSpaceFactor=\count277

("C:\Users\fhbapto\AppData\Local\Programs\MiKTeX 2.9\tex/latex/00miktex\hyperre
f.cfg"
File: hyperref.cfg 2002/06/06 v1.2 hyperref configuration of TeXLive
)
Package hyperref Info: Hyper figures OFF on input line 4519.
Package hyperref Info: Link nesting OFF on input line 4524.
Package hyperref Info: Hyper index ON on input line 4527.
Package hyperref Info: Plain pages OFF on input line 4534.
Package hyperref Info: Backreferencing OFF on input line 4539.
Package hyperref Info: Implicit mode ON; LaTeX internals redefined.
Package hyperref Info: Bookmarks ON on input line 4772.
\c@Hy@tempcnt=\count278
("C:\Users\fhbapto\AppData\Local\Programs\MiKTeX 2.9\tex/latex/url\url.sty"
\Urlmuskip=\muskip17
Package: url 2013/09/16  ver 3.4  Verb mode for urls, etc.
)
LaTeX Info: Redefining \url on input line 5125.
\XeTeXLinkMargin=\dimen179
\Fld@menulength=\count279
\Field@Width=\dimen180
\Fld@charsize=\dimen181
Package hyperref Info: Hyper figures OFF on input line 6380.
Package hyperref Info: Link nesting OFF on input line 6385.
Package hyperref Info: Hyper index ON on input line 6388.
Package hyperref Info: backreferencing OFF on input line 6395.
Package hyperref Info: Link coloring OFF on input line 6400.
Package hyperref Info: Link coloring with OCG OFF on input line 6405.
Package hyperref Info: PDF/A mode OFF on input line 6410.
LaTeX Info: Redefining \ref on input line 6450.
LaTeX Info: Redefining \pageref on input line 6454.
\Hy@abspage=\count280
\c@Item=\count281
\c@Hfootnote=\count282
)
Package hyperref Info: Driver (autodetected): hxetex.

("C:\Users\fhbapto\AppData\Local\Programs\MiKTeX 2.9\tex/latex/hyperref\hxetex.
def"
File: hxetex.def 2018/11/30 v6.88e Hyperref driver for XeTeX

("C:\Users\fhbapto\AppData\Local\Programs\MiKTeX 2.9\tex/latex/hyperref\puenc.d
ef"
File: puenc.def 2018/11/30 v6.88e Hyperref: PDF Unicode definition (HO)
)
("C:\Users\fhbapto\AppData\Local\Programs\MiKTeX 2.9\tex/generic/oberdiek\strin
genc.sty"
Package: stringenc 2016/05/16 v1.11 Convert strings between diff. encodings (HO
)
)
\pdfm@box=\box72
\c@Hy@AnnotLevel=\count283
\HyField@AnnotCount=\count284
\Fld@listcount=\count285
\c@bookmark@seq@number=\count286

("C:\Users\fhbapto\AppData\Local\Programs\MiKTeX 2.9\tex/latex/oberdiek\rerunfi
lecheck.sty"
Package: rerunfilecheck 2016/05/16 v1.8 Rerun checks for auxiliary files (HO)
Package uniquecounter Info: New unique counter `rerunfilecheck' on input line 2
82.
)
\Hy@SectionHShift=\skip80
)
Package hyperref Info: Option `unicode' set `true' on input line 33.

("C:\Users\fhbapto\AppData\Local\Programs\MiKTeX 2.9\tex/generic/oberdiek\se-as
cii-print.def"
File: se-ascii-print.def 2016/05/16 v1.11 stringenc: Printable ASCII characters

)
Package hyperref Info: Option `colorlinks' set `true' on input line 33.
Package hyperref Info: Option `breaklinks' set `true' on input line 33.

("C:\Users\fhbapto\AppData\Local\Programs\MiKTeX 2.9\tex/latex/natbib\natbib.st
y"
Package: natbib 2010/09/13 8.31b (PWD, AO)
\bibhang=\skip81
\bibsep=\skip82
LaTeX Info: Redefining \cite on input line 694.
\c@NAT@ctr=\count287
)
("C:\Users\fhbapto\AppData\Local\Programs\MiKTeX 2.9\tex/latex/graphics\color.s
ty"
Package: color 2016/07/10 v1.1e Standard LaTeX Color (DPC)

("C:\Users\fhbapto\AppData\Local\Programs\MiKTeX 2.9\tex/latex/graphics-cfg\col
or.cfg"
File: color.cfg 2016/01/02 v1.6 sample color configuration
)
Package color Info: Driver file: xetex.def on input line 147.

("C:\Users\fhbapto\AppData\Local\Programs\MiKTeX 2.9\tex/latex/graphics-def\xet
ex.def"
File: xetex.def 2017/06/24 v5.0h Graphics/color driver for xetex
)
("C:\Users\fhbapto\AppData\Local\Programs\MiKTeX 2.9\tex/latex/graphics\dvipsna
m.def"
File: dvipsnam.def 2016/06/17 v3.0m Driver-dependent file (DPC,SPQR)
))
("C:\Users\fhbapto\AppData\Local\Programs\MiKTeX 2.9\tex/latex/fancyvrb\fancyvr
b.sty"
Package: fancyvrb 2019/01/15
Style option: `fancyvrb' v3.2a <2019/01/15> (tvz)
\FV@CodeLineNo=\count288
\FV@InFile=\read2
\FV@TabBox=\box73
\c@FancyVerbLine=\count289
\FV@StepNumber=\count290
\FV@OutFile=\write3
)
("C:\Users\fhbapto\AppData\Local\Programs\MiKTeX 2.9\tex/latex/framed\framed.st
y"
Package: framed 2011/10/22 v 0.96: framed or shaded text with page breaks
\OuterFrameSep=\skip83
\fb@frw=\dimen182
\fb@frh=\dimen183
\FrameRule=\dimen184
\FrameSep=\dimen185
)
("C:\Users\fhbapto\AppData\Local\Programs\MiKTeX 2.9\tex/latex/tools\longtable.
sty"
Package: longtable 2014/10/28 v4.11 Multi-page Table package (DPC)
\LTleft=\skip84
\LTright=\skip85
\LTpre=\skip86
\LTpost=\skip87
\LTchunksize=\count291
\LTcapwidth=\dimen186
\LT@head=\box74
\LT@firsthead=\box75
\LT@foot=\box76
\LT@lastfoot=\box77
\LT@cols=\count292
\LT@rows=\count293
\c@LT@tables=\count294
\c@LT@chunks=\count295
\LT@p@ftn=\toks24
)
("C:\Users\fhbapto\AppData\Local\Programs\MiKTeX 2.9\tex/latex/booktabs\booktab
s.sty"
Package: booktabs 2005/04/14 v1.61803 publication quality tables
\heavyrulewidth=\dimen187
\lightrulewidth=\dimen188
\cmidrulewidth=\dimen189
\belowrulesep=\dimen190
\belowbottomsep=\dimen191
\aboverulesep=\dimen192
\abovetopsep=\dimen193
\cmidrulesep=\dimen194
\cmidrulekern=\dimen195
\defaultaddspace=\dimen196
\@cmidla=\count296
\@cmidlb=\count297
\@aboverulesep=\dimen197
\@belowrulesep=\dimen198
\@thisruleclass=\count298
\@lastruleclass=\count299
\@thisrulewidth=\dimen199
)
("C:\Users\fhbapto\AppData\Local\Programs\MiKTeX 2.9\tex/latex/graphics\graphic
x.sty"
Package: graphicx 2017/06/01 v1.1a Enhanced LaTeX Graphics (DPC,SPQR)

("C:\Users\fhbapto\AppData\Local\Programs\MiKTeX 2.9\tex/latex/graphics\graphic
s.sty"
Package: graphics 2017/06/25 v1.2c Standard LaTeX Graphics (DPC,SPQR)

("C:\Users\fhbapto\AppData\Local\Programs\MiKTeX 2.9\tex/latex/graphics\trig.st
y"
Package: trig 2016/01/03 v1.10 sin cos tan (DPC)
)
("C:\Users\fhbapto\AppData\Local\Programs\MiKTeX 2.9\tex/latex/graphics-cfg\gra
phics.cfg"
File: graphics.cfg 2016/06/04 v1.11 sample graphics configuration
)
Package graphics Info: Driver file: xetex.def on input line 99.
)
\Gin@req@height=\dimen256
\Gin@req@width=\dimen257
)
("C:\Users\fhbapto\AppData\Local\Programs\MiKTeX 2.9\tex/latex/oberdiek\grffile
.sty"
Package: grffile 2017/06/30 v1.18 Extended file name support for graphics (HO)
Package grffile Info: Option `multidot' is set to `true'.
Package grffile Info: Option `extendedchars' is set to `false'.
Package grffile Info: Option `space' is set to `true'.
Package grffile Info: \Gin@ii of package `graphicx' fixed on input line 494.
)
("C:\Users\fhbapto\AppData\Local\Programs\MiKTeX 2.9\tex/latex/parskip\parskip.
sty"
Package: parskip 2019-01-16 v2.0c non-zero parskip adjustments
)
("C:\Users\fhbapto\AppData\Local\Programs\MiKTeX 2.9\tex/latex/titling\titling.
sty"
Package: titling 2009/09/04 v2.1d maketitle typesetting
\thanksmarkwidth=\skip88
\thanksmargin=\skip89
\droptitle=\skip90
)
("C:\Users\fhbapto\AppData\Local\Programs\MiKTeX 2.9\tex/generic/babel\babel.st
y"
Package: babel 2018/11/13 3.27 The Babel package

("C:\Users\fhbapto\AppData\Local\Programs\MiKTeX 2.9\tex/generic/babel\switch.d
ef"
File: switch.def 2018/11/13 3.27 Babel switching mechanism
)
*************************************
* Local config file bblopts.cfg used
*

("C:\Users\fhbapto\AppData\Local\Programs\MiKTeX 2.9\tex/latex/arabi\bblopts.cf
g"
File: bblopts.cfg 2005/09/08 v0.1 add Arabic and Farsi to "declared" options of
 babel
)
("C:\Users\fhbapto\AppData\Local\Programs\MiKTeX 2.9\tex/latex/babel-spanish\sp
anish.ldf"
Language: spanish.ldf 2016/03/03 v5.0p Spanish support from the babel system

("C:\Users\fhbapto\AppData\Local\Programs\MiKTeX 2.9\tex/generic/babel\babel.de
f"
File: babel.def 2018/11/13 3.27 Babel common definitions
\babel@savecnt=\count300
\U@D=\dimen258

("C:\Users\fhbapto\AppData\Local\Programs\MiKTeX 2.9\tex/generic/babel\xebabel.
def"
("C:\Users\fhbapto\AppData\Local\Programs\MiKTeX 2.9\tex/generic/babel\txtbabel
.def"))
\bbl@dirlevel=\count301
)
\es@quottoks=\toks25
\es@quotdepth=\count302
Package babel Info: Making " an active character on input line 561.
Package babel Info: Making . an active character on input line 662.
Package babel Info: Making < an active character on input line 707.
Package babel Info: Making > an active character on input line 707.
))
LaTeX Info: Redefining \. on input line 140.
LaTeX Info: Redefining \% on input line 140.

("C:\Users\fhbapto\AppData\Local\Programs\MiKTeX 2.9\tex/latex/amscls\amsthm.st
y"
Package: amsthm 2017/10/31 v2.20.4
\thm@style=\toks26
\thm@bodyfont=\toks27
\thm@headfont=\toks28
\thm@notefont=\toks29
\thm@headpunct=\toks30
\thm@preskip=\skip91
\thm@postskip=\skip92
\thm@headsep=\skip93
\dth@everypar=\toks31
) (Manual_de_R.aux
LaTeX Info: Redefining \. on input line 24.
LaTeX Info: Redefining \% on input line 24.
LaTeX Info: Redefining \. on input line 25.
LaTeX Info: Redefining \% on input line 25.
)
\openout1 = `Manual_de_R.aux'.

LaTeX Font Info:    Checking defaults for OML/cmm/m/it on input line 230.
LaTeX Font Info:    ... okay on input line 230.
LaTeX Font Info:    Checking defaults for T1/cmr/m/n on input line 230.
LaTeX Font Info:    ... okay on input line 230.
LaTeX Font Info:    Checking defaults for OT1/cmr/m/n on input line 230.
LaTeX Font Info:    ... okay on input line 230.
LaTeX Font Info:    Checking defaults for OMS/cmsy/m/n on input line 230.
LaTeX Font Info:    ... okay on input line 230.
LaTeX Font Info:    Checking defaults for TU/lmr/m/n on input line 230.
LaTeX Font Info:    ... okay on input line 230.
LaTeX Font Info:    Checking defaults for OMX/cmex/m/n on input line 230.
LaTeX Font Info:    ... okay on input line 230.
LaTeX Font Info:    Checking defaults for U/cmr/m/n on input line 230.
LaTeX Font Info:    ... okay on input line 230.
LaTeX Font Info:    Checking defaults for TS1/cmr/m/n on input line 230.
LaTeX Font Info:    Try loading font information for TS1+cmr on input line 230.

("C:\Users\fhbapto\AppData\Local\Programs\MiKTeX 2.9\tex/latex/base\ts1cmr.fd"
File: ts1cmr.fd 2014/09/29 v2.5h Standard LaTeX font definitions
)
LaTeX Font Info:    ... okay on input line 230.
LaTeX Font Info:    Checking defaults for PD1/pdf/m/n on input line 230.
LaTeX Font Info:    ... okay on input line 230.
LaTeX Font Info:    Checking defaults for PU/pdf/m/n on input line 230.
LaTeX Font Info:    ... okay on input line 230.
LaTeX Info: Redefining \microtypecontext on input line 230.
Package microtype Info: Character protrusion enabled (level 2).
Package microtype Info: Using protrusion set `basicmath'.
Package microtype Info: No adjustment of tracking.
Package microtype Info: No adjustment of spacing.
Package microtype Info: No adjustment of kerning.

("C:\Users\fhbapto\AppData\Local\Programs\MiKTeX 2.9\tex/latex/microtype\mt-Lat
inModernRoman.cfg"
File: mt-LatinModernRoman.cfg 2013/03/13 v1.0 microtype config. file: Latin Mod
ern Roman (RS)
)
*geometry* detected driver: pdftex
*geometry* verbose mode - [ preamble ] result:
* driver: pdftex
* paper: <default>
* layout: <same size as paper>
* layoutoffset:(h,v)=(0.0pt,0.0pt)
* modes: twoside 
* h-part:(L,W,R)=(72.26999pt, 469.75502pt, 72.26999pt)
* v-part:(T,H,B)=(72.26999pt, 650.43001pt, 72.26999pt)
* \paperwidth=614.295pt
* \paperheight=794.96999pt
* \textwidth=469.75502pt
* \textheight=650.43001pt
* \oddsidemargin=0.0pt
* \evensidemargin=0.0pt
* \topmargin=-24.0pt
* \headheight=12.0pt
* \headsep=12.0pt
* \topskip=10.0pt
* \footskip=24.0pt
* \marginparwidth=48.0pt
* \marginparsep=12.0pt
* \columnsep=10.0pt
* \skip\footins=12.0pt plus 3.0pt minus 1.5pt
* \hoffset=-15.0pt
* \voffset=39.0pt
* \mag=1000
* \@twocolumnfalse
* \@twosidetrue
* \@mparswitchtrue
* \@reversemarginfalse
* (1in=72.27pt=25.4mm, 1cm=28.453pt)

\AtBeginShipoutBox=\box78
Package hyperref Info: Link coloring ON on input line 230.

("C:\Users\fhbapto\AppData\Local\Programs\MiKTeX 2.9\tex/latex/hyperref\nameref
.sty"
Package: nameref 2016/05/21 v2.44 Cross-referencing by name of section

("C:\Users\fhbapto\AppData\Local\Programs\MiKTeX 2.9\tex/generic/oberdiek\getti
tlestring.sty"
Package: gettitlestring 2016/05/16 v1.5 Cleanup title references (HO)
)
\c@section@level=\count303
)
LaTeX Info: Redefining \ref on input line 230.
LaTeX Info: Redefining \pageref on input line 230.
LaTeX Info: Redefining \nameref on input line 230.
(Manual_de_R.out) (Manual_de_R.out)
\@outlinefile=\write4
\openout4 = `Manual_de_R.out'.

LaTeX Info: Redefining \. on input line 230.
LaTeX Info: Redefining \% on input line 230.

Underfull \vbox (badness 10000) has occurred while \output is active []


Overfull \hbox (469.50502pt too wide) has occurred while \output is active
[]
 []


Underfull \vbox (badness 10000) has occurred while \output is active []


Overfull \hbox (469.50502pt too wide) has occurred while \output is active
[]
 []


Underfull \vbox (badness 10000) has occurred while \output is active []


Overfull \hbox (469.50502pt too wide) has occurred while \output is active
[]
 []


Underfull \vbox (badness 10000) has occurred while \output is active []


Overfull \hbox (469.50502pt too wide) has occurred while \output is active
[]
 []


Underfull \hbox (badness 10000) has occurred while \output is active
 [][][][] 
 []

[1


]
Underfull \vbox (badness 10000) has occurred while \output is active []


Overfull \hbox (469.50502pt too wide) has occurred while \output is active
[]
 []


Underfull \vbox (badness 10000) has occurred while \output is active []


Overfull \hbox (469.50502pt too wide) has occurred while \output is active
[]
 []


Underfull \vbox (badness 10000) has occurred while \output is active []


Overfull \hbox (469.50502pt too wide) has occurred while \output is active
[]
 []


Underfull \vbox (badness 10000) has occurred while \output is active []


Overfull \hbox (469.50502pt too wide) has occurred while \output is active
[]
 []


Underfull \hbox (badness 10000) has occurred while \output is active
 [][][][] 
 []

[2

]
Underfull \vbox (badness 10000) detected at line 236
 []


Overfull \hbox (469.50502pt too wide) detected at line 236
[]
 []


Underfull \vbox (badness 10000) detected at line 236
 []


Overfull \hbox (469.50502pt too wide) detected at line 236
[]
 []


Underfull \vbox (badness 10000) detected at line 236
 []


Overfull \hbox (469.50502pt too wide) detected at line 236
[]
 []


Underfull \vbox (badness 10000) detected at line 236
 []


Overfull \hbox (469.50502pt too wide) detected at line 236
[]
 []


Underfull \hbox (badness 10000) detected at line 236
[]
 []

(Manual_de_R.toc
LaTeX Info: Redefining \. on input line 1.
LaTeX Info: Redefining \% on input line 1.
LaTeX Info: Redefining \. on input line 2.
LaTeX Info: Redefining \% on input line 2.
LaTeX Font Info:    Try loading font information for OT1+lmr on input line 6.
("C:\Users\fhbapto\AppData\Local\Programs\MiKTeX 2.9\tex/latex/lm\ot1lmr.fd"
File: ot1lmr.fd 2009/10/30 v1.6 Font defs for Latin Modern
)
Package microtype Info: Loading generic protrusion settings for font family
(microtype)             `lmr' (encoding: OT1).
(microtype)             For optimal results, create family-specific settings.
(microtype)             See the microtype manual for details.
LaTeX Font Info:    Try loading font information for OML+lmm on input line 6.
("C:\Users\fhbapto\AppData\Local\Programs\MiKTeX 2.9\tex/latex/lm\omllmm.fd"
File: omllmm.fd 2009/10/30 v1.6 Font defs for Latin Modern
)
LaTeX Font Info:    Try loading font information for OMS+lmsy on input line 6.
("C:\Users\fhbapto\AppData\Local\Programs\MiKTeX 2.9\tex/latex/lm\omslmsy.fd"
File: omslmsy.fd 2009/10/30 v1.6 Font defs for Latin Modern
)
LaTeX Font Info:    Try loading font information for OMX+lmex on input line 6.
("C:\Users\fhbapto\AppData\Local\Programs\MiKTeX 2.9\tex/latex/lm\omxlmex.fd"
File: omxlmex.fd 2009/10/30 v1.6 Font defs for Latin Modern
)
LaTeX Font Info:    External font `lmex10' loaded for size
(Font)              <10> on input line 6.
LaTeX Font Info:    External font `lmex10' loaded for size
(Font)              <7> on input line 6.
LaTeX Font Info:    External font `lmex10' loaded for size
(Font)              <5> on input line 6.
LaTeX Font Info:    Try loading font information for U+msa on input line 6.
("C:\Users\fhbapto\AppData\Local\Programs\MiKTeX 2.9\tex/latex/amsfonts\umsa.fd
"
File: umsa.fd 2013/01/14 v3.01 AMS symbols A
)
("C:\Users\fhbapto\AppData\Local\Programs\MiKTeX 2.9\tex/latex/microtype\mt-msa
.cfg"
File: mt-msa.cfg 2006/02/04 v1.1 microtype config. file: AMS symbols (a) (RS)
)
LaTeX Font Info:    Try loading font information for U+msb on input line 6.
("C:\Users\fhbapto\AppData\Local\Programs\MiKTeX 2.9\tex/latex/amsfonts\umsb.fd
"
File: umsb.fd 2013/01/14 v3.01 AMS symbols B
)
("C:\Users\fhbapto\AppData\Local\Programs\MiKTeX 2.9\tex/latex/microtype\mt-msb
.cfg"
File: mt-msb.cfg 2005/06/01 v1.0 microtype config. file: AMS symbols (b) (RS)
)
Underfull \hbox (badness 10000) has occurred while \output is active
 [][][][] 
 []

[3])
\tf@toc=\write5
\openout5 = `Manual_de_R.toc'.

LaTeX Info: Redefining \. on input line 238.
LaTeX Info: Redefining \% on input line 238.
[4]
Underfull \vbox (badness 10000) detected at line 238
 []


Overfull \hbox (469.50502pt too wide) detected at line 238
[]
 []


Underfull \vbox (badness 10000) detected at line 238
 []


Overfull \hbox (469.50502pt too wide) detected at line 238
[]
 []


Underfull \vbox (badness 10000) detected at line 238
 []


Overfull \hbox (469.50502pt too wide) detected at line 238
[]
 []


Underfull \vbox (badness 10000) detected at line 238
 []


Overfull \hbox (469.50502pt too wide) detected at line 238
[]
 []


Underfull \hbox (badness 10000) detected at line 238
[]
 []


Package hyperref Warning: bookmark level for unknown fm defaults to 0.

(Manual_de_R.lot
LaTeX Info: Redefining \. on input line 1.
LaTeX Info: Redefining \% on input line 1.
LaTeX Info: Redefining \. on input line 2.
LaTeX Info: Redefining \% on input line 2.
)
\tf@lot=\write6
\openout6 = `Manual_de_R.lot'.


Underfull \hbox (badness 10000) has occurred while \output is active
 [][][][] 
 []

[5


]
Underfull \vbox (badness 10000) has occurred while \output is active []


Overfull \hbox (469.50502pt too wide) has occurred while \output is active
[]
 []


Underfull \vbox (badness 10000) has occurred while \output is active []


Overfull \hbox (469.50502pt too wide) has occurred while \output is active
[]
 []


Underfull \vbox (badness 10000) has occurred while \output is active []


Overfull \hbox (469.50502pt too wide) has occurred while \output is active
[]
 []


Underfull \vbox (badness 10000) has occurred while \output is active []


Overfull \hbox (469.50502pt too wide) has occurred while \output is active
[]
 []


Underfull \hbox (badness 10000) has occurred while \output is active
 [][][][] 
 []

[6

]
Underfull \vbox (badness 10000) detected at line 239
 []


Overfull \hbox (469.50502pt too wide) detected at line 239
[]
 []


Underfull \vbox (badness 10000) detected at line 239
 []


Overfull \hbox (469.50502pt too wide) detected at line 239
[]
 []


Underfull \vbox (badness 10000) detected at line 239
 []


Overfull \hbox (469.50502pt too wide) detected at line 239
[]
 []


Underfull \vbox (badness 10000) detected at line 239
 []


Overfull \hbox (469.50502pt too wide) detected at line 239
[]
 []


Underfull \hbox (badness 10000) detected at line 239
[]
 []

(Manual_de_R.lof
LaTeX Info: Redefining \. on input line 1.
LaTeX Info: Redefining \% on input line 1.
LaTeX Info: Redefining \. on input line 2.
LaTeX Info: Redefining \% on input line 2.

Underfull \hbox (badness 10000) in paragraph at lines 10--10
 [][] [][][]\TU/lmr/m/n/10 Ilustración del punto medio entre dos puntos, tomada
 de 
 []

)
\tf@lof=\write7
\openout7 = `Manual_de_R.lof'.


LaTeX Warning: Reference `funbas' on page 7 undefined on input line 263.


LaTeX Warning: Reference `correl' on page 7 undefined on input line 272.


LaTeX Warning: Reference `discretas' on page 7 undefined on input line 273.


LaTeX Warning: Reference `continuas' on page 7 undefined on input line 273.


LaTeX Warning: Reference `loglik' on page 7 undefined on input line 275.


LaTeX Warning: Reference `aproxint' on page 7 undefined on input line 276.


Underfull \hbox (badness 10000) has occurred while \output is active
 [][][][] 
 []

[7

]
LaTeX Font Info:    Font shape `TU/lmtt/bx/n' in size <10> not available
(Font)              Font shape `TU/lmtt/b/n' tried instead on input line 296.
File: images/note.png Graphic file (type bmp)
<images/note.png>
File: images/tip.png Graphic file (type bmp)
<images/tip.png>
File: images/warning.png Graphic file (type bmp)
<images/warning.png>
LaTeX Info: Redefining \. on input line 364.
LaTeX Info: Redefining \% on input line 364.
[8]
LaTeX Font Info:    External font `lmex10' loaded for size
(Font)              <8> on input line 385.
LaTeX Font Info:    External font `lmex10' loaded for size
(Font)              <6> on input line 385.
File: images/Robert_Roos.png Graphic file (type bmp)
<images/Robert_Roos.png>
File: images/cran.png Graphic file (type bmp)
<images/cran.png>
File: images/instalacion1.png Graphic file (type bmp)
<images/instalacion1.png>
File: images/instalacion2.png Graphic file (type bmp)
<images/instalacion2.png>
LaTeX Info: Redefining \. on input line 469.
LaTeX Info: Redefining \% on input line 469.
[1

]
LaTeX Info: Redefining \. on input line 469.
LaTeX Info: Redefining \% on input line 469.
[2]
File: images/rlogo.png Graphic file (type bmp)
<images/rlogo.png>
LaTeX Info: Redefining \. on input line 499.
LaTeX Info: Redefining \% on input line 499.
[3]
File: images/Rpantallazo.png Graphic file (type bmp)
<images/Rpantallazo.png>
LaTeX Info: Redefining \. on input line 530.
LaTeX Info: Redefining \% on input line 530.
[4]
File: images/warning.png Graphic file (type bmp)
<images/warning.png>
File: images/note.png Graphic file (type bmp)
<images/note.png>
LaTeX Info: Redefining \. on input line 631.
LaTeX Info: Redefining \% on input line 631.
[5]
File: images/warning.png Graphic file (type bmp)
<images/warning.png>
LaTeX Info: Redefining \. on input line 715.
LaTeX Info: Redefining \% on input line 715.
[6]
LaTeX Info: Redefining \. on input line 825.
LaTeX Info: Redefining \% on input line 825.
[7]
LaTeX Info: Redefining \. on input line 903.
LaTeX Info: Redefining \% on input line 903.
[8]
LaTeX Info: Redefining \. on input line 995.
LaTeX Info: Redefining \% on input line 995.
[9]
LaTeX Info: Redefining \. on input line 1089.
LaTeX Info: Redefining \% on input line 1089.
[10]
LaTeX Info: Redefining \. on input line 1174.
LaTeX Info: Redefining \% on input line 1174.
[11]
LaTeX Info: Redefining \. on input line 1262.
LaTeX Info: Redefining \% on input line 1262.
[12]
File: images/warning.png Graphic file (type bmp)
<images/warning.png>

Underfull \hbox (badness 10000) detected at line 1312
 [][]
 []


Underfull \hbox (badness 10000) detected at line 1312
[][][]
 []


Underfull \hbox (badness 10000) detected at line 1315
 [][]
 []


Underfull \hbox (badness 10000) detected at line 1315
[][][]
 []


Underfull \hbox (badness 10000) detected at line 1318
 [][]
 []


Underfull \hbox (badness 10000) detected at line 1318
[][][]
 []


Underfull \hbox (badness 10000) detected at line 1322
 [][]
 []


Underfull \hbox (badness 10000) detected at line 1322
[][][]
 []


Underfull \hbox (badness 10000) detected at line 1324
 [][]
 []


Underfull \hbox (badness 10000) detected at line 1324
[][][]
 []


Underfull \hbox (badness 10000) detected at line 1328
 [][]
 []


Underfull \hbox (badness 10000) detected at line 1328
[][][]
 []

LaTeX Info: Redefining \. on input line 1351.
LaTeX Info: Redefining \% on input line 1351.
[13]
LaTeX Info: Redefining \. on input line 1425.
LaTeX Info: Redefining \% on input line 1425.
[14]
LaTeX Info: Redefining \. on input line 1515.
LaTeX Info: Redefining \% on input line 1515.
[15]
File: images/function_machine.png Graphic file (type bmp)
<images/function_machine.png>
LaTeX Info: Redefining \. on input line 1572.
LaTeX Info: Redefining \% on input line 1572.
[16]
LaTeX Info: Redefining \. on input line 1662.
LaTeX Info: Redefining \% on input line 1662.
[17]
LaTeX Info: Redefining \. on input line 1662.
LaTeX Info: Redefining \% on input line 1662.
[18]
LaTeX Info: Redefining \. on input line 1748.
LaTeX Info: Redefining \% on input line 1748.
[19]
LaTeX Info: Redefining \. on input line 1825.
LaTeX Info: Redefining \% on input line 1825.
[20]
File: images/note.png Graphic file (type bmp)
<images/note.png>

Underfull \hbox (badness 10000) detected at line 1844
 [][]
 []


Underfull \hbox (badness 10000) detected at line 1844
[][][]
 []


Underfull \hbox (badness 10000) detected at line 1847
 [][]
 []


Underfull \hbox (badness 10000) detected at line 1847
[][][]
 []


Underfull \hbox (badness 10000) detected at line 1860
 [][]
 []


Underfull \hbox (badness 10000) detected at line 1860
[][][]
 []


Underfull \hbox (badness 10000) detected at line 1865
 [][]
 []


Underfull \hbox (badness 10000) detected at line 1865
[][][]
 []


Underfull \hbox (badness 10000) detected at line 1879
 [][]
 []


Underfull \hbox (badness 10000) detected at line 1879
[][][]
 []


Underfull \hbox (badness 10000) detected at line 1883
 [][]
 []


Underfull \hbox (badness 10000) detected at line 1883
[][][]
 []

LaTeX Info: Redefining \. on input line 1901.
LaTeX Info: Redefining \% on input line 1901.
[21]
Underfull \hbox (badness 10000) detected at line 1908
 [][]
 []


Underfull \hbox (badness 10000) detected at line 1908
[][][]
 []


Underfull \hbox (badness 10000) detected at line 1933
 [][]
 []


Underfull \hbox (badness 10000) detected at line 1933
[][][]
 []


Underfull \hbox (badness 10000) detected at line 1958
 [][]
 []


Underfull \hbox (badness 10000) detected at line 1958
[][][]
 []


Underfull \hbox (badness 10000) detected at line 1981
 [][]
 []


Underfull \hbox (badness 10000) detected at line 1981
[][][]
 []

File: images/midpoint.png Graphic file (type bmp)
<images/midpoint.png>

Underfull \hbox (badness 10000) in paragraph at lines 1993--1993
[]\TU/lmr/bx/n/10 Figura 8 []\TU/lmr/m/n/10 Ilustración del punto medio entre d
os puntos, tomada de
 []

LaTeX Info: Redefining \. on input line 2003.
LaTeX Info: Redefining \% on input line 2003.
[22]
LaTeX Info: Redefining \. on input line 2003.
LaTeX Info: Redefining \% on input line 2003.
[23]
File: images/excel1.png Graphic file (type bmp)
<images/excel1.png>
File: images/warning.png Graphic file (type bmp)
<images/warning.png>
File: images/bloc1.png Graphic file (type bmp)
<images/bloc1.png>
File: images/bloc2.png Graphic file (type bmp)
<images/bloc2.png>
File: images/tip.png Graphic file (type bmp)
<images/tip.png>
LaTeX Font Info:    Font shape `TU/lmtt/bx/n' in size <11> not available
(Font)              Font shape `TU/lmtt/b/n' tried instead on input line 2106.
LaTeX Info: Redefining \. on input line 2112.
LaTeX Info: Redefining \% on input line 2112.
[24]
LaTeX Info: Redefining \. on input line 2112.
LaTeX Info: Redefining \% on input line 2112.
[25]
LaTeX Info: Redefining \. on input line 2185.
LaTeX Info: Redefining \% on input line 2185.
[26]
File: images/note.png Graphic file (type bmp)
<images/note.png>
File: images/warning.png Graphic file (type bmp)
<images/warning.png>
LaTeX Info: Redefining \. on input line 2270.
LaTeX Info: Redefining \% on input line 2270.
[27]
File: images/warning.png Graphic file (type bmp)
<images/warning.png>
LaTeX Info: Redefining \. on input line 2350.
LaTeX Info: Redefining \% on input line 2350.
[28]
Underfull \hbox (badness 10000) detected at line 2365
 [][]
 []


Underfull \hbox (badness 10000) detected at line 2365
[][][]
 []


Underfull \hbox (badness 10000) detected at line 2399
 [][]
 []


Underfull \hbox (badness 10000) detected at line 2399
[][][]
 []

LaTeX Info: Redefining \. on input line 2437.
LaTeX Info: Redefining \% on input line 2437.
[29]
File: images/note.png Graphic file (type bmp)
<images/note.png>
LaTeX Info: Redefining \. on input line 2543.
LaTeX Info: Redefining \% on input line 2543.
[30]
LaTeX Info: Redefining \. on input line 2637.
LaTeX Info: Redefining \% on input line 2637.
[31]
LaTeX Info: Redefining \. on input line 2729.
LaTeX Info: Redefining \% on input line 2729.
[32]
File: images/warning.png Graphic file (type bmp)
<images/warning.png>
LaTeX Info: Redefining \. on input line 2822.
LaTeX Info: Redefining \% on input line 2822.
[33]
File: Manual_de_R_files/figure-latex/dots-1.pdf Graphic file (type pdf)
<use Manual_de_R_files/figure-latex/dots-1.pdf>
LaTeX Info: Redefining \. on input line 2899.
LaTeX Info: Redefining \% on input line 2899.
[34]
LaTeX Info: Redefining \. on input line 2939.
LaTeX Info: Redefining \% on input line 2939.
[35]
Underfull \hbox (badness 10000) detected at line 2974
 [][]
 []


Underfull \hbox (badness 10000) detected at line 2974
[][][]
 []


Underfull \hbox (badness 10000) detected at line 2977
 [][]
 []


Underfull \hbox (badness 10000) detected at line 2977
[][][]
 []


Underfull \hbox (badness 10000) detected at line 2979
 [][]
 []


Underfull \hbox (badness 10000) detected at line 2979
[][][]
 []


Underfull \hbox (badness 10000) detected at line 2982
 [][]
 []


Underfull \hbox (badness 10000) detected at line 2982
[][][]
 []


Underfull \hbox (badness 10000) detected at line 2985
 [][]
 []


Underfull \hbox (badness 10000) detected at line 2985
[][][]
 []


Underfull \hbox (badness 10000) detected at line 3002
 [][]
 []


Underfull \hbox (badness 10000) detected at line 3002
[][][]
 []


Underfull \hbox (badness 10000) detected at line 3004
 [][]
 []


Underfull \hbox (badness 10000) detected at line 3004
[][][]
 []


Underfull \hbox (badness 10000) detected at line 3006
 [][]
 []


Underfull \hbox (badness 10000) detected at line 3006
[][][]
 []


Underfull \hbox (badness 10000) detected at line 3008
 [][]
 []


Underfull \hbox (badness 10000) detected at line 3008
[][][]
 []


Underfull \hbox (badness 10000) detected at line 3010
 [][]
 []


Underfull \hbox (badness 10000) detected at line 3010
[][][]
 []


Underfull \hbox (badness 10000) detected at line 3012
 [][]
 []


Underfull \hbox (badness 10000) detected at line 3012
[][][]
 []

LaTeX Info: Redefining \. on input line 3035.
LaTeX Info: Redefining \% on input line 3035.
[36]
LaTeX Info: Redefining \. on input line 3119.
LaTeX Info: Redefining \% on input line 3119.
[37]
LaTeX Info: Redefining \. on input line 3217.
LaTeX Info: Redefining \% on input line 3217.
[38]
Underfull \hbox (badness 10000) detected at line 3272
 [][]
 []


Underfull \hbox (badness 10000) detected at line 3272
[][][]
 []


Underfull \hbox (badness 10000) detected at line 3274
 [][]
 []


Underfull \hbox (badness 10000) detected at line 3274
[][][]
 []


Underfull \hbox (badness 10000) detected at line 3276
 [][]
 []


Underfull \hbox (badness 10000) detected at line 3276
[][][]
 []


Underfull \hbox (badness 10000) detected at line 3279
 [][]
 []


Underfull \hbox (badness 10000) detected at line 3279
[][][]
 []


Underfull \hbox (badness 10000) detected at line 3282
 [][]
 []


Underfull \hbox (badness 10000) detected at line 3282
[][][]
 []


Underfull \hbox (badness 10000) detected at line 3284
 [][]
 []


Underfull \hbox (badness 10000) detected at line 3284
[][][]
 []


Underfull \hbox (badness 10000) detected at line 3286
 [][]
 []


Underfull \hbox (badness 10000) detected at line 3286
[][][]
 []


Underfull \hbox (badness 10000) detected at line 3288
 [][]
 []


Underfull \hbox (badness 10000) detected at line 3288
[][][]
 []


Underfull \hbox (badness 10000) detected at line 3290
 [][]
 []


Underfull \hbox (badness 10000) detected at line 3290
[][][]
 []


Underfull \hbox (badness 10000) detected at line 3293
 [][]
 []


Underfull \hbox (badness 10000) detected at line 3293
[][][]
 []


Underfull \hbox (badness 10000) detected at line 3296
 [][]
 []


Underfull \hbox (badness 10000) detected at line 3296
[][][]
 []

LaTeX Info: Redefining \. on input line 3304.
LaTeX Info: Redefining \% on input line 3304.
[39]
LaTeX Info: Redefining \. on input line 3397.
LaTeX Info: Redefining \% on input line 3397.
[40]
LaTeX Font Info:    Calculating math sizes for size <11> on input line 3419.
LaTeX Font Info:    External font `lmex10' loaded for size
(Font)              <11> on input line 3419.
LaTeX Font Info:    External font `lmex10' loaded for size
(Font)              <7.69997> on input line 3419.
LaTeX Font Info:    External font `lmex10' loaded for size
(Font)              <5.5> on input line 3419.
LaTeX Info: Redefining \. on input line 3481.
LaTeX Info: Redefining \% on input line 3481.
[41]
File: Manual_de_R_files/figure-latex/box1-1.pdf Graphic file (type pdf)
<use Manual_de_R_files/figure-latex/box1-1.pdf>
LaTeX Info: Redefining \. on input line 3577.
LaTeX Info: Redefining \% on input line 3577.
[42]
LaTeX Info: Redefining \. on input line 3624.
LaTeX Info: Redefining \% on input line 3624.
[43]
Underfull \hbox (badness 10000) detected at line 3648
 [][]
 []


Underfull \hbox (badness 10000) detected at line 3648
[][][]
 []


Underfull \hbox (badness 10000) detected at line 3650
 [][]
 []


Underfull \hbox (badness 10000) detected at line 3650
[][][]
 []


Underfull \hbox (badness 10000) detected at line 3652
 [][]
 []


Underfull \hbox (badness 10000) detected at line 3652
[][][]
 []


Underfull \hbox (badness 10000) detected at line 3654
 [][]
 []


Underfull \hbox (badness 10000) detected at line 3654
[][][]
 []


Underfull \hbox (badness 10000) detected at line 3656
 [][]
 []


Underfull \hbox (badness 10000) detected at line 3656
[][][]
 []


Underfull \hbox (badness 10000) detected at line 3658
 [][]
 []


Underfull \hbox (badness 10000) detected at line 3658
[][][]
 []

LaTeX Info: Redefining \. on input line 3716.
LaTeX Info: Redefining \% on input line 3716.
[44] (Manual_de_R.bbl
LaTeX Info: Redefining \. on input line 1.
LaTeX Info: Redefining \% on input line 1.
[45]
Underfull \vbox (badness 10000) has occurred while \output is active []


Overfull \hbox (469.50502pt too wide) has occurred while \output is active
[]
 []


Underfull \vbox (badness 10000) has occurred while \output is active []


Overfull \hbox (469.50502pt too wide) has occurred while \output is active
[]
 []


Underfull \vbox (badness 10000) has occurred while \output is active []


Overfull \hbox (469.50502pt too wide) has occurred while \output is active
[]
 []


Underfull \vbox (badness 10000) has occurred while \output is active []


Overfull \hbox (469.50502pt too wide) has occurred while \output is active
[]
 []


Underfull \hbox (badness 10000) has occurred while \output is active
 [][][][] 
 []

[46

]
Underfull \vbox (badness 10000) detected at line 1
 []


Overfull \hbox (469.50502pt too wide) detected at line 1
[]
 []


Underfull \vbox (badness 10000) detected at line 1
 []


Overfull \hbox (469.50502pt too wide) detected at line 1
[]
 []


Underfull \vbox (badness 10000) detected at line 1
 []


Overfull \hbox (469.50502pt too wide) detected at line 1
[]
 []


Underfull \vbox (badness 10000) detected at line 1
 []


Overfull \hbox (469.50502pt too wide) detected at line 1
[]
 []


Underfull \hbox (badness 10000) detected at line 1
[]
 []

)
Package atveryend Info: Empty hook `BeforeClearDocument' on input line 3767.

Underfull \hbox (badness 10000) has occurred while \output is active
 [][][][] 
 []

[47

]
Package atveryend Info: Empty hook `AfterLastShipout' on input line 3767.
(Manual_de_R.aux
LaTeX Info: Redefining \. on input line 24.
LaTeX Info: Redefining \% on input line 24.
LaTeX Info: Redefining \. on input line 25.
LaTeX Info: Redefining \% on input line 25.
)
Package atveryend Info: Empty hook `AtVeryEndDocument' on input line 3767.
Package atveryend Info: Executing hook `AtEndAfterFileList' on input line 3767.

Package rerunfilecheck Info: File `Manual_de_R.out' has not changed.
(rerunfilecheck)             Checksum: 5B15B61CAC186D743D42A9EBA567DCC2.

LaTeX Warning: There were undefined references.

 ) 
Here is how much of TeX's memory you used:
 25879 strings out of 427748
 461656 string characters out of 3146634
 621764 words of memory out of 3000000
 29635 multiletter control sequences out of 15000+200000
 565154 words of font info for 83 fonts, out of 3000000 for 9000
 1328 hyphenation exceptions out of 8191
 46i,8n,68p,810b,671s stack positions out of 5000i,500n,10000p,200000b,50000s

Output written on Manual_de_R.pdf (55 pages).
